<?xml version="1.0" encoding="UTF-8"?>
<!-- Generated by org.testng.reporters.JUnitReportReporter -->
<testsuite skipped="0" hostname="WKWIN9043201" name="com.testautomation.testRunner.TestRunner" tests="1" failures="0" timestamp="31 May 2019 01:00:47 GMT" time="17.153" errors="0">
  <testcase name="feature" time="17.153" classname="com.testautomation.testRunner.TestRunner"/>
</testsuite> <!-- com.testautomation.testRunner.TestRunner -->
